<?xml version="1.0" encoding="UTF-8"?>
<!-- Generated by org.testng.reporters.JUnitReportReporter -->
<testsuite skipped="0" hostname="DESKTOP-DLO9J11" name="execution.Executioncentre" tests="1" failures="0" timestamp="2020-08-02T16:58:42 IST" time="22.547" errors="0">
  <testcase name="execute" time="22.547" classname="execution.Executioncentre"/>
  <system-out/>
</testsuite> <!-- execution.Executioncentre -->
