<?xml version="1.0" encoding="UTF-8"?>
<!-- Generated by org.testng.reporters.JUnitReportReporter -->
<testsuite skipped="0" hostname="DESKTOP-DLO9J11" name="com.flipkart.testcases.TC_Loginpagetest_001" tests="1" failures="0" timestamp="2020-08-13T10:54:37 IST" time="15.940" errors="0">
  <testcase name="LoginTest" time="15.940" classname="com.flipkart.testcases.TC_Loginpagetest_001"/>
  <system-out/>
</testsuite> <!-- com.flipkart.testcases.TC_Loginpagetest_001 -->
