<?xml version="1.0" encoding="UTF-8"?>
<!-- Generated by org.testng.reporters.JUnitReportReporter -->
<testsuite skipped="0" hostname="DESKTOP-DLO9J11" name="com.flipkart.testcases.TC_Loginpagetest_001" tests="1" failures="0" timestamp="2020-08-12T23:15:16 IST" time="6.781" errors="0">
  <testcase name="LoginTest" time="6.781" classname="com.flipkart.testcases.TC_Loginpagetest_001"/>
  <system-out/>
</testsuite> <!-- com.flipkart.testcases.TC_Loginpagetest_001 -->
